<?xml version="1.0" encoding="UTF-8"?>
<testng-results ignored="0" total="1" passed="1" failed="0" skipped="0">
  <reporter-output>
  </reporter-output>
  <suite started-at="2024-02-07T14:09:13 GMT" name="Default suite" finished-at="2024-02-07T14:09:19 GMT" duration-ms="5370">
    <groups>
    </groups>
    <test started-at="2024-02-07T14:09:13 GMT" name="Default test" finished-at="2024-02-07T14:09:19 GMT" duration-ms="5370">
      <class name="Shashi.ExtentReports.initialDemo">
        <test-method is-config="true" signature="config()[pri:0, instance:Shashi.ExtentReports.initialDemo@4fb3ee4e]" started-at="2024-02-07T14:09:13 GMT" name="config" finished-at="2024-02-07T14:09:13 GMT" duration-ms="125" status="PASS">
          <reporter-output>
          </reporter-output>
        </test-method> <!-- config -->
        <test-method signature="initialDemo()[pri:0, instance:Shashi.ExtentReports.initialDemo@4fb3ee4e]" started-at="2024-02-07T14:09:14 GMT" name="initialDemo" finished-at="2024-02-07T14:09:19 GMT" duration-ms="5225" status="PASS">
          <reporter-output>
          </reporter-output>
        </test-method> <!-- initialDemo -->
      </class> <!-- Shashi.ExtentReports.initialDemo -->
    </test> <!-- Default test -->
  </suite> <!-- Default suite -->
</testng-results>
